TN:
SF:src/modules/appointments/services/CreateAppointmentService.ts
FN:17,(anonymous_18)
FN:20,CreateAppointmentService
FN:26,(anonymous_20)
FNF:3
FNH:0
FNDA:0,(anonymous_18)
FNDA:0,CreateAppointmentService
FNDA:0,(anonymous_20)
DA:2,0
DA:3,0
DA:5,0
DA:17,0
DA:22,0
DA:26,0
DA:27,0
DA:29,0
DA:33,0
DA:34,0
DA:38,0
DA:43,0
DA:45,0
DA:47,0
LF:14
LH:0
BRDA:33,0,0,0
BRDA:33,0,1,0
BRF:2
BRH:0
end_of_record
TN:
SF:src/modules/users/services/AuthenticateUserService.ts
FN:23,(anonymous_18)
FN:24,AuthenticateUserService
FN:32,(anonymous_20)
FNF:3
FNH:0
FNDA:0,(anonymous_18)
FNDA:0,AuthenticateUserService
FNDA:0,(anonymous_20)
DA:2,0
DA:3,0
DA:4,0
DA:6,0
DA:23,0
DA:26,0
DA:29,0
DA:32,0
DA:33,0
DA:35,0
DA:36,0
DA:42,0
DA:47,0
DA:48,0
DA:51,0
DA:53,0
DA:58,0
DA:60,0
DA:62,0
LF:19
LH:0
BRDA:33,0,0,0
BRDA:35,1,0,0
BRDA:35,1,1,0
BRDA:47,2,0,0
BRDA:47,2,1,0
BRF:5
BRH:0
end_of_record
TN:
SF:src/modules/users/services/CreateUserService.ts
FN:20,(anonymous_18)
FN:21,CreateUserService
FN:29,(anonymous_20)
FNF:3
FNH:0
FNDA:0,(anonymous_18)
FNDA:0,CreateUserService
FNDA:0,(anonymous_20)
DA:1,0
DA:3,0
DA:20,0
DA:23,0
DA:26,0
DA:29,0
DA:30,0
DA:32,0
DA:33,0
DA:36,0
DA:38,0
DA:44,0
DA:46,0
DA:48,0
LF:14
LH:0
BRDA:30,0,0,0
BRDA:32,1,0,0
BRDA:32,1,1,0
BRF:3
BRH:0
end_of_record
TN:
SF:src/modules/users/services/ResetPasswordService.ts
FN:17,(anonymous_18)
FN:18,ResetPasswordService
FN:29,(anonymous_20)
FNF:3
FNH:0
FNDA:0,(anonymous_18)
FNDA:0,ResetPasswordService
FNDA:0,(anonymous_20)
DA:1,0
DA:2,0
DA:4,0
DA:17,0
DA:20,0
DA:23,0
DA:26,0
DA:29,0
DA:30,0
DA:32,0
DA:33,0
DA:35,0
DA:37,0
DA:38,0
DA:41,0
DA:42,0
DA:44,0
DA:45,0
DA:48,0
DA:50,0
DA:52,0
DA:54,0
LF:22
LH:0
BRDA:30,0,0,0
BRDA:32,1,0,0
BRDA:32,1,1,0
BRDA:37,2,0,0
BRDA:37,2,1,0
BRDA:44,3,0,0
BRDA:44,3,1,0
BRF:7
BRH:0
end_of_record
TN:
SF:src/modules/users/services/SendForgotPasswordEmailService.ts
FN:14,(anonymous_18)
FN:15,SendForgotPasswordEmailService
FN:26,(anonymous_20)
FNF:3
FNH:0
FNDA:0,(anonymous_18)
FNDA:0,SendForgotPasswordEmailService
FNDA:0,(anonymous_20)
DA:1,0
DA:2,0
DA:4,0
DA:14,0
DA:17,0
DA:20,0
DA:23,0
DA:26,0
DA:27,0
DA:29,0
DA:30,0
DA:33,0
DA:35,0
DA:42,0
DA:57,0
DA:59,0
LF:16
LH:0
BRDA:27,0,0,0
BRDA:29,1,0,0
BRDA:29,1,1,0
BRF:3
BRH:0
end_of_record
TN:
SF:src/modules/users/services/UpdateProfileService.ts
FN:20,(anonymous_18)
FN:21,UpdateProfile
FN:29,(anonymous_20)
FNF:3
FNH:3
FNDA:1,(anonymous_18)
FNDA:5,UpdateProfile
FNDA:5,(anonymous_20)
DA:2,1
DA:7,1
DA:20,1
DA:23,5
DA:26,5
DA:29,1
DA:30,5
DA:31,5
DA:32,5
DA:33,5
DA:34,5
DA:36,5
DA:38,5
DA:39,0
DA:42,5
DA:44,5
DA:45,1
DA:48,4
DA:49,4
DA:51,4
DA:52,1
DA:57,4
DA:58,2
DA:63,2
DA:64,1
DA:68,3
DA:69,1
DA:72,2
DA:74,1
DA:76,1
LF:30
LH:29
BRDA:36,0,0,5
BRDA:36,0,1,2
BRDA:38,1,0,0
BRDA:38,1,1,5
BRDA:44,2,0,1
BRDA:44,2,1,4
BRDA:44,3,0,5
BRDA:44,3,1,1
BRDA:51,4,0,1
BRDA:51,4,1,3
BRDA:51,5,0,4
BRDA:51,5,1,3
BRDA:57,6,0,1
BRDA:57,6,1,2
BRDA:57,7,0,3
BRDA:57,7,1,2
BRDA:63,8,0,1
BRDA:63,8,1,1
BRDA:68,9,0,1
BRDA:68,9,1,1
BRF:20
BRH:19
end_of_record
TN:
SF:src/modules/users/services/UpdateUserAvatarService.ts
FN:19,(anonymous_18)
FN:20,UpdateUserAvatarService
FN:28,(anonymous_20)
FNF:3
FNH:0
FNDA:0,(anonymous_18)
FNDA:0,UpdateUserAvatarService
FNDA:0,(anonymous_20)
DA:5,0
DA:7,0
DA:19,0
DA:22,0
DA:25,0
DA:28,0
DA:29,0
DA:31,0
DA:32,0
DA:35,0
DA:36,0
DA:39,0
DA:41,0
DA:43,0
DA:45,0
DA:47,0
DA:49,0
LF:17
LH:0
BRDA:29,0,0,0
BRDA:29,0,1,0
BRDA:31,1,0,0
BRDA:31,1,1,0
BRDA:35,2,0,0
BRDA:35,2,1,0
BRF:6
BRH:0
end_of_record
